build/app/outputs/mapping/release/seeds.txt
com.westeros.flutter_app.MainActivity
com.westeros.flutter_app.MainActivity: MainActivity()
com.westeros.flutter_app.R$attr: int alpha
com.westeros.flutter_app.R$attr: int coordinatorLayoutStyle
com.westeros.flutter_app.R$attr: int font
com.westeros.flutter_app.R$attr: int fontProviderAuthority
com.westeros.flutter_app.R$attr: int fontProviderCerts
com.westeros.flutter_app.R$attr: int fontProviderFetchStrategy
com.westeros.flutter_app.R$attr: int fontProviderFetchTimeout
com.westeros.flutter_app.R$attr: int fontProviderPackage
com.westeros.flutter_app.R$attr: int fontProviderQuery
com.westeros.flutter_app.R$attr: int fontStyle
com.westeros.flutter_app.R$attr: int fontVariationSettings
com.westeros.flutter_app.R$attr: int fontWeight
com.westeros.flutter_app.R$attr: int keylines
com.westeros.flutter_app.R$attr: int layout_anchor
com.westeros.flutter_app.R$attr: int layout_anchorGravity
com.westeros.flutter_app.R$attr: int layout_behavior
com.westeros.flutter_app.R$attr: int layout_dodgeInsetEdges
com.westeros.flutter_app.R$attr: int layout_insetEdge
com.westeros.flutter_app.R$attr: int layout_keyline
com.westeros.flutter_app.R$attr: int statusBarBackground
com.westeros.flutter_app.R$attr: int ttcIndex
com.westeros.flutter_app.R$color: int notification_action_color_filter
com.westeros.flutter_app.R$color: int notification_icon_bg_color
com.westeros.flutter_app.R$color: int ripple_material_light
com.westeros.flutter_app.R$color: int secondary_text_default_material_light
com.westeros.flutter_app.R$dimen: int compat_button_inset_horizontal_material
com.westeros.flutter_app.R$dimen: int compat_button_inset_vertical_material
com.westeros.flutter_app.R$dimen: int compat_button_padding_horizontal_material
com.westeros.flutter_app.R$dimen: int compat_button_padding_vertical_material
com.westeros.flutter_app.R$dimen: int compat_control_corner_material
com.westeros.flutter_app.R$dimen: int compat_notification_large_icon_max_height
com.westeros.flutter_app.R$dimen: int compat_notification_large_icon_max_width
com.westeros.flutter_app.R$dimen: int notification_action_icon_size
com.westeros.flutter_app.R$dimen: int notification_action_text_size
com.westeros.flutter_app.R$dimen: int notification_big_circle_margin
com.westeros.flutter_app.R$dimen: int notification_content_margin_start
com.westeros.flutter_app.R$dimen: int notification_large_icon_height
com.westeros.flutter_app.R$dimen: int notification_large_icon_width
com.westeros.flutter_app.R$dimen: int notification_main_column_padding_top
com.westeros.flutter_app.R$dimen: int notification_media_narrow_margin
com.westeros.flutter_app.R$dimen: int notification_right_icon_size
com.westeros.flutter_app.R$dimen: int notification_right_side_padding_top
com.westeros.flutter_app.R$dimen: int notification_small_icon_background_padding
com.westeros.flutter_app.R$dimen: int notification_small_icon_size_as_large
com.westeros.flutter_app.R$dimen: int notification_subtext_size
com.westeros.flutter_app.R$drawable: int launch_background
com.westeros.flutter_app.R$drawable: int notification_action_background
com.westeros.flutter_app.R$drawable: int notification_bg
com.westeros.flutter_app.R$drawable: int notification_bg_low
com.westeros.flutter_app.R$drawable: int notification_bg_low_normal
com.westeros.flutter_app.R$drawable: int notification_bg_low_pressed
com.westeros.flutter_app.R$drawable: int notification_bg_normal
com.westeros.flutter_app.R$drawable: int notification_bg_normal_pressed
com.westeros.flutter_app.R$drawable: int notification_icon_background
com.westeros.flutter_app.R$drawable: int notification_template_icon_bg
com.westeros.flutter_app.R$drawable: int notification_template_icon_low_bg
com.westeros.flutter_app.R$drawable: int notification_tile_bg
com.westeros.flutter_app.R$drawable: int notify_panel_notification_icon_bg
...
io.flutter.plugin.platform.VirtualDisplayController$OneTimeOnDrawListener
io.flutter.plugin.platform.VirtualDisplayController$OneTimeOnDrawListener: android.view.View mView
io.flutter.plugin.platform.VirtualDisplayController$OneTimeOnDrawListener: java.lang.Runnable mOnDrawRunnable
io.flutter.plugin.platform.VirtualDisplayController$OneTimeOnDrawListener: void schedule(android.view.View,java.lang.Runnable)
io.flutter.plugin.platform.VirtualDisplayController$OneTimeOnDrawListener: VirtualDisplayController$OneTimeOnDrawListener(android.view.View,java.lang.Runnable)
io.flutter.plugin.platform.VirtualDisplayController$OneTimeOnDrawListener: void onDraw()
io.flutter.plugin.platform.VirtualDisplayController$OneTimeOnDrawListener$1
io.flutter.plugin.platform.VirtualDisplayController$OneTimeOnDrawListener$1: io.flutter.plugin.platform.VirtualDisplayController$OneTimeOnDrawListener this$0
io.flutter.plugin.platform.VirtualDisplayController$OneTimeOnDrawListener$1: VirtualDisplayController$OneTimeOnDrawListener$1(io.flutter.plugin.platform.VirtualDisplayController$OneTimeOnDrawListener)
io.flutter.plugin.platform.VirtualDisplayController$OneTimeOnDrawListener$1: void run()
io.flutter.plugins.GeneratedPluginRegistrant
io.flutter.plugins.GeneratedPluginRegistrant: GeneratedPluginRegistrant()
io.flutter.plugins.GeneratedPluginRegistrant: void registerWith(io.flutter.plugin.common.PluginRegistry)
io.flutter.plugins.GeneratedPluginRegistrant: boolean alreadyRegisteredWith(io.flutter.plugin.common.PluginRegistry)
io.flutter.util.BSDiff
io.flutter.util.BSDiff: BSDiff()
io.flutter.util.BSDiff: byte[] bspatch(byte[],byte[])
io.flutter.util.BSDiff: void read(java.io.InputStream,byte[],int,int)
io.flutter.util.PathUtils
io.flutter.util.PathUtils: PathUtils()
io.flutter.util.PathUtils: java.lang.String getFilesDir(android.content.Context)
io.flutter.util.PathUtils: java.lang.String getDataDirectory(android.content.Context)
io.flutter.util.PathUtils: java.lang.String getCacheDirectory(android.content.Context)
io.flutter.util.Preconditions
io.flutter.util.Preconditions: Preconditions()
io.flutter.util.Preconditions: java.lang.Object checkNotNull(java.lang.Object)
io.flutter.util.Predicate
io.flutter.util.Predicate: boolean test(java.lang.Object)
io.flutter.view.AccessibilityBridge
io.flutter.view.AccessibilityBridge: java.lang.String TAG
io.flutter.view.AccessibilityBridge: int ACTION_SHOW_ON_SCREEN
io.flutter.view.AccessibilityBridge: float SCROLL_EXTENT_FOR_INFINITY
io.flutter.view.AccessibilityBridge: float SCROLL_POSITION_CAP_FOR_INFINITY
io.flutter.view.AccessibilityBridge: int ROOT_NODE_ID
io.flutter.view.AccessibilityBridge: int MIN_ENGINE_GENERATED_NODE_ID
io.flutter.view.AccessibilityBridge: int FIRST_RESOURCE_ID
io.flutter.view.AccessibilityBridge: android.view.View rootAccessibilityView
io.flutter.view.AccessibilityBridge: io.flutter.embedding.engine.systemchannels.AccessibilityChannel accessibilityChannel
io.flutter.view.AccessibilityBridge: android.view.accessibility.AccessibilityManager accessibilityManager
io.flutter.view.AccessibilityBridge: io.flutter.view.AccessibilityViewEmbedder accessibilityViewEmbedder
io.flutter.view.AccessibilityBridge: io.flutter.plugin.platform.PlatformViewsAccessibilityDelegate platformViewsAccessibilityDelegate
io.flutter.view.AccessibilityBridge: android.content.ContentResolver contentResolver
io.flutter.view.AccessibilityBridge: java.util.Map flutterSemanticsTree
io.flutter.view.AccessibilityBridge: java.util.Map customAccessibilityActions
io.flutter.view.AccessibilityBridge: io.flutter.view.AccessibilityBridge$SemanticsNode accessibilityFocusedSemanticsNode
io.flutter.view.AccessibilityBridge: java.lang.Integer embeddedAccessibilityFocusedNodeId