build/app/outputs/mapping/release/mapping.txt
com.westeros.flutter_app.MainActivity -> com.westeros.flutter_app.MainActivity:
    void <init>() -> <init>
    void onCreate(android.os.Bundle) -> onCreate
...
io.flutter.view.AccessibilityBridge$1 -> io.flutter.view.AccessibilityBridge$1:
    io.flutter.view.AccessibilityBridge this$0 -> this$0
    void <init>(io.flutter.view.AccessibilityBridge) -> <init>
    void announce(java.lang.String) -> announce
    void onTap(int) -> onTap
    void onLongPress(int) -> onLongPress
    void onTooltip(java.lang.String) -> onTooltip
    void updateCustomAccessibilityActions(java.nio.ByteBuffer,java.lang.String[]) -> updateCustomAccessibilityActions
    void updateSemantics(java.nio.ByteBuffer,java.lang.String[]) -> updateSemantics
io.flutter.view.AccessibilityBridge$2 -> io.flutter.view.AccessibilityBridge$2:
    io.flutter.view.AccessibilityBridge this$0 -> this$0
    void <init>(io.flutter.view.AccessibilityBridge) -> <init>
    void onAccessibilityStateChanged(boolean) -> onAccessibilityStateChanged
io.flutter.view.AccessibilityBridge$3 -> io.flutter.view.AccessibilityBridge$3:
    io.flutter.view.AccessibilityBridge this$0 -> this$0
    void <init>(io.flutter.view.AccessibilityBridge,android.os.Handler) -> <init>
    void onChange(boolean) -> onChange
    void onChange(boolean,android.net.Uri) -> onChange
io.flutter.view.AccessibilityBridge$4 -> io.flutter.view.AccessibilityBridge$4:
    android.view.accessibility.AccessibilityManager val$accessibilityManager -> val$accessibilityManager
    io.flutter.view.AccessibilityBridge this$0 -> this$0
    void <init>(io.flutter.view.AccessibilityBridge,android.view.accessibility.AccessibilityManager) -> <init>
    void onTouchExplorationStateChanged(boolean) -> onTouchExplorationStateChanged
io.flutter.view.AccessibilityBridge$AccessibilityFeature -> io.flutter.view.AccessibilityBridge$AccessibilityFeature:
    io.flutter.view.AccessibilityBridge$AccessibilityFeature ACCESSIBLE_NAVIGATION -> ACCESSIBLE_NAVIGATION
    io.flutter.view.AccessibilityBridge$AccessibilityFeature INVERT_COLORS -> INVERT_COLORS
    io.flutter.view.AccessibilityBridge$AccessibilityFeature DISABLE_ANIMATIONS -> DISABLE_ANIMATIONS
    int value -> value
    io.flutter.view.AccessibilityBridge$AccessibilityFeature[] $VALUES -> $VALUES
    io.flutter.view.AccessibilityBridge$AccessibilityFeature[] values() -> values
    io.flutter.view.AccessibilityBridge$AccessibilityFeature valueOf(java.lang.String) -> valueOf
    void <init>(java.lang.String,int,int) -> <init>
    void <clinit>() -> <clinit>
io.flutter.view.AccessibilityBridge$Action -> io.flutter.view.AccessibilityBridge$Action:
    io.flutter.view.AccessibilityBridge$Action TAP -> TAP
    io.flutter.view.AccessibilityBridge$Action LONG_PRESS -> LONG_PRESS
    io.flutter.view.AccessibilityBridge$Action SCROLL_LEFT -> SCROLL_LEFT
    io.flutter.view.AccessibilityBridge$Action SCROLL_RIGHT -> SCROLL_RIGHT
    io.flutter.view.AccessibilityBridge$Action SCROLL_UP -> SCROLL_UP
    io.flutter.view.AccessibilityBridge$Action SCROLL_DOWN -> SCROLL_DOWN
    io.flutter.view.AccessibilityBridge$Action INCREASE -> INCREASE
    io.flutter.view.AccessibilityBridge$Action DECREASE -> DECREASE
    io.flutter.view.AccessibilityBridge$Action SHOW_ON_SCREEN -> SHOW_ON_SCREEN
    io.flutter.view.AccessibilityBridge$Action MOVE_CURSOR_FORWARD_BY_CHARACTER -> MOVE_CURSOR_FORWARD_BY_CHARACTER
    io.flutter.view.AccessibilityBridge$Action MOVE_CURSOR_BACKWARD_BY_CHARACTER -> MOVE_CURSOR_BACKWARD_BY_CHARACTER
    io.flutter.view.AccessibilityBridge$Action SET_SELECTION -> SET_SELECTION
    io.flutter.view.AccessibilityBridge$Action COPY -> COPY
    io.flutter.view.AccessibilityBridge$Action CUT -> CUT
    io.flutter.view.AccessibilityBridge$Action PASTE -> PASTE
    io.flutter.view.AccessibilityBridge$Action DID_GAIN_ACCESSIBILITY_FOCUS -> DID_GAIN_ACCESSIBILITY_FOCUS
    io.flutter.view.AccessibilityBridge$Action DID_LOSE_ACCESSIBILITY_FOCUS -> DID_LOSE_ACCESSIBILITY_FOCUS