build/app/outputs/mapping/release/usage.txt
com.westeros.flutter_app.BuildConfig
com.westeros.flutter_app.R
com.westeros.flutter_app.R$attr
com.westeros.flutter_app.R$color
com.westeros.flutter_app.R$dimen
com.westeros.flutter_app.R$drawable
com.westeros.flutter_app.R$id
com.westeros.flutter_app.R$integer
com.westeros.flutter_app.R$layout
com.westeros.flutter_app.R$mipmap
com.westeros.flutter_app.R$string
com.westeros.flutter_app.R$style
com.westeros.flutter_app.R$styleable
...
android.support.v13.view.inputmethod.InputConnectionCompat
android.support.v13.view.inputmethod.InputConnectionCompat$1
android.support.v13.view.inputmethod.InputConnectionCompat$2
android.support.v13.view.inputmethod.InputConnectionCompat$OnCommitContentListener
android.support.v13.view.inputmethod.InputContentInfoCompat
android.support.v13.view.inputmethod.InputContentInfoCompat$InputContentInfoCompatApi25Impl
android.support.v13.view.inputmethod.InputContentInfoCompat$InputContentInfoCompatBaseImpl
android.support.v13.view.inputmethod.InputContentInfoCompat$InputContentInfoCompatImpl
android.support.v4.accessibilityservice.AccessibilityServiceInfoCompat
android.support.v4.app.ActionBarDrawerToggle
android.support.v4.app.ActionBarDrawerToggle$Delegate
android.support.v4.app.ActionBarDrawerToggle$DelegateProvider
android.support.v4.app.ActionBarDrawerToggle$SetIndicatorInfo
android.support.v4.app.ActionBarDrawerToggle$SlideDrawable
android.support.v4.app.ActivityCompat:
    149:151:protected ActivityCompat()
    161:162:public static void setPermissionCompatDelegate(android.support.v4.app.ActivityCompat$PermissionCompatDelegate)
    207:208:public static boolean invalidateOptionsMenu(android.app.Activity)
    287:292:public static void finishAffinity(android.app.Activity)
    329:341:public static android.net.Uri getReferrer(android.app.Activity)
    362:370:public static android.view.View requireViewById(android.app.Activity,int)
    565:565:public static android.support.v13.view.DragAndDropPermissionsCompat requestDragAndDropPermissions(android.app.Activity,android.view.DragEvent)
android.support.v4.app.ActivityManagerCompat
android.support.v4.app.ActivityOptionsCompat
android.support.v4.app.ActivityOptionsCompat$ActivityOptionsCompatImpl
android.support.v4.app.AlarmManagerCompat
android.support.v4.app.AppComponentFactory
android.support.v4.app.AppLaunchChecker
android.support.v4.app.AppOpsManagerCompat
android.support.v4.app.BackStackRecord:
    static final java.lang.String TAG
    static final int OP_NULL
    static final int OP_ADD
    static final int OP_REPLACE
    static final int OP_REMOVE
    static final int OP_HIDE
    static final int OP_SHOW
    static final int OP_DETACH
    static final int OP_ATTACH
    static final int OP_SET_PRIMARY_NAV
    static final int OP_UNSET_PRIMARY_NAV
    338:338:public int getId()
    343:343:public int getBreadCrumbTitleRes()
    348:348:public int getBreadCrumbShortTitleRes()
    354:357:public java.lang.CharSequence getBreadCrumbTitle()
    363:366:public java.lang.CharSequence getBreadCrumbShortTitle()
    379:380:public android.support.v4.app.FragmentTransaction add(android.support.v4.app.Fragment,java.lang.String)
    385:386:public android.support.v4.app.FragmentTransaction add(int,android.support.v4.app.Fragment)
    434:434:public android.support.v4.app.FragmentTransaction replace(int,android.support.v4.app.Fragment)
    440:445:public android.support.v4.app.FragmentTransaction replace(int,android.support.v4.app.Fragment,java.lang.String)
    450:452:public android.support.v4.app.FragmentTransaction remove(android.support.v4.app.Fragment)
    457:459:public android.support.v4.app.FragmentTransaction hide(android.support.v4.app.Fragment)
    464:466:public android.support.v4.app.FragmentTransaction show(android.support.v4.app.Fragment)
android.support.v4.app.BundleCompat
android.support.v4.app.BundleCompat$BundleCompatBaseImpl
android.support.v4.app.CoreComponentFactory:
    private static final java.lang.String TAG
android.support.v4.app.DialogFragment
android.support.v4.app.Fragment$SavedState:
    344:346:Fragment$SavedState(android.os.Bundle)
android.support.v4.app.FragmentActivity$HostCallbacks:
    989:990:public void onStartActivityFromFragment(android.support.v4.app.Fragment,android.content.Intent,int)